<?xml version="1.0" encoding="UTF-8"?>
<!-- Generated by org.testng.reporters.JUnitXMLReporter -->
<testsuite ignored="2" hostname="DAYZGAYU" failures="0" tests="0" time="1.479" errors="0" timestamp="2022-06-19T17:39:01 IST">
  <testcase classname="com.wallet.TestScripts.verifyStartAndClick" name="verifyStarAndClick" time="0.0">
    <ignored/>
  </testcase> <!-- verifyStarAndClick -->
  <testcase classname="com.wallet.TestScripts.verifyStartAndClick" name="readAddedReview" time="0.0">
    <ignored/>
  </testcase> <!-- readAddedReview -->
</testsuite>
