<?xml version="1.0" encoding="UTF-8"?>
<testng-results ignored="0" total="1" passed="1" failed="0" skipped="0">
  <reporter-output>
  </reporter-output>
  <suite started-at="2022-06-23T19:11:45 IST" name="Default suite" finished-at="2022-06-23T19:11:50 IST" duration-ms="5384">
    <groups>
    </groups>
    <test started-at="2022-06-23T19:11:45 IST" name="Default test" finished-at="2022-06-23T19:11:50 IST" duration-ms="5384">
      <class name="com.wallet.TestScripts.facebookLoginandDialogueDisplay">
        <test-method is-config="true" signature="ConfigFileReader()[pri:0, instance:com.wallet.TestScripts.facebookLoginandDialogueDisplay@6a4f1a55]" started-at="2022-06-23T19:11:45 IST" name="ConfigFileReader" finished-at="2022-06-23T19:11:45 IST" duration-ms="5" status="PASS">
          <reporter-output>
          </reporter-output>
        </test-method> <!-- ConfigFileReader -->
        <test-method is-config="true" signature="setupBeforeSuite()[pri:0, instance:com.wallet.TestScripts.facebookLoginandDialogueDisplay@6a4f1a55]" started-at="2022-06-23T19:11:45 IST" name="setupBeforeSuite" finished-at="2022-06-23T19:11:46 IST" duration-ms="1368" status="PASS">
          <reporter-output>
          </reporter-output>
        </test-method> <!-- setupBeforeSuite -->
        <test-method signature="loginFBandPostMsg()[pri:0, instance:com.wallet.TestScripts.facebookLoginandDialogueDisplay@6a4f1a55]" started-at="2022-06-23T19:11:46 IST" name="loginFBandPostMsg" finished-at="2022-06-23T19:11:50 IST" duration-ms="3842" status="PASS">
          <reporter-output>
          </reporter-output>
        </test-method> <!-- loginFBandPostMsg -->
        <test-method is-config="true" signature="quitDown()[pri:0, instance:com.wallet.TestScripts.facebookLoginandDialogueDisplay@6a4f1a55]" started-at="2022-06-23T19:11:50 IST" name="quitDown" finished-at="2022-06-23T19:11:50 IST" duration-ms="150" status="PASS">
          <reporter-output>
          </reporter-output>
        </test-method> <!-- quitDown -->
      </class> <!-- com.wallet.TestScripts.facebookLoginandDialogueDisplay -->
    </test> <!-- Default test -->
  </suite> <!-- Default suite -->
</testng-results>
